<?xml version="1.0" encoding="UTF-8"?>
<testsuite xmlns:xsi="http://www.w3.org/2001/XMLSchema-instance" xsi:noNamespaceSchemaLocation="https://maven.apache.org/surefire/maven-surefire-plugin/xsd/surefire-test-report.xsd" version="3.0.2" name="com.test.EmployeeTest" time="0.01" tests="13" errors="0" skipped="2" failures="0">
  <properties>
[...]
</properties>
  <testcase name="testDomain" classname="com.test.EmployeeTest" time="0.007">
    <system-out><![CDATA[This is executed before each Test
This is exceuted after each Test
]]></system-out>
  </testcase>
  <testcase name="testTools" classname="com.test.EmployeeTest" time="0.0">
    <system-out><![CDATA[This is executed before each Test
This is exceuted after each Test
]]></system-out>
  </testcase>
  <testcase name="testSkillProficiencyException" classname="com.test.EmployeeTest" time="0.0">
    <system-out><![CDATA[This is executed before each Test
This is exceuted after each Test
]]></system-out>
  </testcase>
  <testcase name="testCompareSkill" classname="com.test.EmployeeTest" time="0.0">
    <skipped/>
  </testcase>
  <testcase name="testSkillUpdate" classname="com.test.EmployeeTest" time="0.0">
    <skipped/>
  </testcase>
  <testcase name="testProjCompleteness" classname="com.test.EmployeeTest" time="0.0">
    <system-out><![CDATA[This is executed before each Test
This is exceuted after each Test
]]></system-out>
  </testcase>
  <testcase name="testCrossSkillSet" classname="com.test.EmployeeTest" time="0.0">
    <system-out><![CDATA[This is executed before each Test
This is exceuted after each Test
]]></system-out>
  </testcase>
  <testcase name="testSearchDomainResults" classname="com.test.EmployeeTest" time="0.0">
    <system-out><![CDATA[This is executed before each Test
This is exceuted after each Test
]]></system-out>
  </testcase>
  <testcase name="testSearchEmployeeResults" classname="com.test.EmployeeTest" time="0.0">
    <system-out><![CDATA[This is executed before each Test
This is exceuted after each Test
]]></system-out>
  </testcase>
  <testcase name="testDomainExperienceCandidates" classname="com.test.EmployeeTest" time="0.0">
    <system-out><![CDATA[This is executed before each Test
This is exceuted after each Test
]]></system-out>
  </testcase>
  <testcase name="testSkillSetCandidates" classname="com.test.EmployeeTest" time="0.0">
    <system-out><![CDATA[This is executed before each Test
This is exceuted after each Test
]]></system-out>
  </testcase>
  <testcase name="testCoreTools" classname="com.test.EmployeeTest" time="0.001">
    <system-out><![CDATA[This is executed before each Test
This is exceuted after each Test
]]></system-out>
  </testcase>
  <testcase name="testCoreSkillProficiency" classname="com.test.EmployeeTest" time="0.0">
    <system-out><![CDATA[This is executed before each Test
This is exceuted after each Test
]]></system-out>
  </testcase>
</testsuite>